<?xml version="1.0" encoding="UTF-8"?>
<testng-results ignored="0" total="5" passed="5" failed="0" skipped="0">
  <reporter-output>
    <line>
      <![CDATA[method10 is running]]>
    </line>
    <line>
      <![CDATA[method6 is running]]>
    </line>
    <line>
      <![CDATA[method7 is running]]>
    </line>
    <line>
      <![CDATA[method8 is running]]>
    </line>
    <line>
      <![CDATA[method9 is running]]>
    </line>
  </reporter-output>
  <suite started-at="2022-10-09T18:58:51 IST" name="Default suite" finished-at="2022-10-09T18:58:51 IST" duration-ms="161">
    <groups>
    </groups>
    <test started-at="2022-10-09T18:58:51 IST" name="Default test" finished-at="2022-10-09T18:58:51 IST" duration-ms="161">
      <class name="failedtestng.Failedtest2">
        <test-method signature="method10()[pri:0, instance:failedtestng.Failedtest2@661972b0]" started-at="2022-10-09T18:58:51 IST" name="method10" finished-at="2022-10-09T18:58:51 IST" duration-ms="30" status="PASS">
          <reporter-output>
            <line>
              <![CDATA[method10 is running]]>
            </line>
          </reporter-output>
        </test-method> <!-- method10 -->
        <test-method signature="method6()[pri:0, instance:failedtestng.Failedtest2@661972b0]" started-at="2022-10-09T18:58:51 IST" name="method6" finished-at="2022-10-09T18:58:51 IST" duration-ms="5" status="PASS">
          <reporter-output>
            <line>
              <![CDATA[method6 is running]]>
            </line>
          </reporter-output>
        </test-method> <!-- method6 -->
        <test-method signature="method7()[pri:0, instance:failedtestng.Failedtest2@661972b0]" started-at="2022-10-09T18:58:51 IST" name="method7" finished-at="2022-10-09T18:58:51 IST" duration-ms="2" status="PASS">
          <reporter-output>
            <line>
              <![CDATA[method7 is running]]>
            </line>
          </reporter-output>
        </test-method> <!-- method7 -->
        <test-method signature="method8()[pri:0, instance:failedtestng.Failedtest2@661972b0]" started-at="2022-10-09T18:58:51 IST" name="method8" finished-at="2022-10-09T18:58:51 IST" duration-ms="3" status="PASS">
          <reporter-output>
            <line>
              <![CDATA[method8 is running]]>
            </line>
          </reporter-output>
        </test-method> <!-- method8 -->
        <test-method signature="method9()[pri:0, instance:failedtestng.Failedtest2@661972b0]" started-at="2022-10-09T18:58:51 IST" name="method9" finished-at="2022-10-09T18:58:51 IST" duration-ms="3" status="PASS">
          <reporter-output>
            <line>
              <![CDATA[method9 is running]]>
            </line>
          </reporter-output>
        </test-method> <!-- method9 -->
      </class> <!-- failedtestng.Failedtest2 -->
    </test> <!-- Default test -->
  </suite> <!-- Default suite -->
</testng-results>
