<?xml version="1.0" encoding="UTF-8"?>
<!-- Generated by org.testng.reporters.JUnitXMLReporter -->
<testsuite ignored="0" hostname="User-PC" failures="0" tests="5" name="Default test" time="0.161" errors="0" timestamp="2022-10-09T18:58:51 IST">
  <testcase classname="failedtestng.Failedtest2" name="method10" time="0.03"/>
  <testcase classname="failedtestng.Failedtest2" name="method6" time="0.005"/>
  <testcase classname="failedtestng.Failedtest2" name="method7" time="0.002"/>
  <testcase classname="failedtestng.Failedtest2" name="method8" time="0.003"/>
  <testcase classname="failedtestng.Failedtest2" name="method9" time="0.003"/>
</testsuite> <!-- Default test -->
