<?xml version="1.0" encoding="UTF-8"?>
<!-- Generated by org.testng.reporters.JUnitXMLReporter -->
<testsuite ignored="0" hostname="User-PC" failures="0" tests="3" name="Test" time="22.797" errors="0" timestamp="2022-09-07T12:35:25 IST">
  <testcase classname="seriesorparallelexecution.SerialExecution" name="myMethod1" time="7.36"/>
  <testcase classname="seriesorparallelexecution.SerialExecution" name="myMethod2" time="9.321"/>
  <testcase classname="seriesorparallelexecution.SerialExecution" name="myMethod3" time="6.016"/>
</testsuite> <!-- Test -->
