<?xml version="1.0" encoding="UTF-8"?>
<!-- Generated by org.testng.reporters.JUnitXMLReporter -->
<testsuite ignored="7" hostname="User-PC" failures="0" tests="3" name="Testxmlstudy" time="0.115" errors="0" timestamp="2022-06-14T19:10:17 IST">
  <testcase classname="xmlstudytestNG.Test2" name="method6" time="0.014"/>
  <testcase classname="xmlstudytestNG.Test1" name="method4" time="0.002"/>
  <testcase classname="xmlstudytestNG.Test1" name="method1" time="0.001"/>
  <testcase classname="xmlstudytestNG.Test2" name="method8" time="0.0">
    <ignored/>
  </testcase> <!-- method8 -->
  <testcase classname="xmlstudytestNG.Test2" name="method9" time="0.0">
    <ignored/>
  </testcase> <!-- method9 -->
  <testcase classname="xmlstudytestNG.Test2" name="method10" time="0.0">
    <ignored/>
  </testcase> <!-- method10 -->
  <testcase classname="xmlstudytestNG.Test1" name="method2" time="0.0">
    <ignored/>
  </testcase> <!-- method2 -->
  <testcase classname="xmlstudytestNG.Test1" name="method5" time="0.0">
    <ignored/>
  </testcase> <!-- method5 -->
  <testcase classname="xmlstudytestNG.Test2" name="method7" time="0.0">
    <ignored/>
  </testcase> <!-- method7 -->
  <testcase classname="xmlstudytestNG.Test1" name="method3" time="0.0">
    <ignored/>
  </testcase> <!-- method3 -->
</testsuite> <!-- Testxmlstudy -->
