<?xml version="1.0" encoding="UTF-8"?>
<!-- Generated by org.testng.reporters.JUnitXMLReporter -->
<testsuite ignored="6" hostname="User-PC" failures="0" tests="4" name="xmlstudyTest" time="0.103" errors="0" timestamp="2022-06-13T22:14:53 IST">
  <testcase classname="xmlstudytestNG.Test1" name="method4" time="0.018"/>
  <testcase classname="xmlstudytestNG.Test1" name="method1" time="0.003"/>
  <testcase classname="xmlstudytestNG.Test1" name="method2" time="0.002"/>
  <testcase classname="xmlstudytestNG.Test1" name="method5" time="0.002"/>
  <testcase classname="xmlstudytestNG.Test2" name="method8" time="0.0">
    <ignored/>
  </testcase> <!-- method8 -->
  <testcase classname="xmlstudytestNG.Test2" name="method9" time="0.0">
    <ignored/>
  </testcase> <!-- method9 -->
  <testcase classname="xmlstudytestNG.Test2" name="method10" time="0.0">
    <ignored/>
  </testcase> <!-- method10 -->
  <testcase classname="xmlstudytestNG.Test2" name="method6" time="0.0">
    <ignored/>
  </testcase> <!-- method6 -->
  <testcase classname="xmlstudytestNG.Test2" name="method7" time="0.0">
    <ignored/>
  </testcase> <!-- method7 -->
  <testcase classname="xmlstudytestNG.Test1" name="method3" time="0.0">
    <ignored/>
  </testcase> <!-- method3 -->
</testsuite> <!-- xmlstudyTest -->
